<?xml version="1.0" encoding="UTF-8"?>
<!-- Generated by org.testng.reporters.JUnitXMLReporter -->
<testsuite ignored="0" hostname="Sallu" failures="0" tests="4" name="Default test" time="124.486" errors="0" timestamp="2024-09-09T15:19:51 BDT">
  <testcase classname="pageObjectModel.LoginTest" name="GetTextTest" time="0.06"/>
  <testcase classname="pageObjectModel.LoginTest" name="InvalidLoginTest" time="0.588"/>
  <testcase classname="pageObjectModel.LoginTest" name="LinkTest" time="0.119"/>
  <testcase classname="pageObjectModel.LoginTest" name="validLoginTest" time="0.494"/>
</testsuite> <!-- Default test -->
