<?xml version="1.0" encoding="UTF-8"?>
<!-- Generated by org.testng.reporters.JUnitXMLReporter -->
<testsuite ignored="22" hostname="Sallu" failures="0" tests="2" name="Smoke Test" time="38.414" errors="0" timestamp="2024-09-21T13:19:19 BDT">
  <testcase classname="keyWordFramework.Login_Test" name="InvalidLoginTest" time="1.9"/>
  <testcase classname="keyWordFramework.Login_Test" name="validLoginTest" time="1.712"/>
  <testcase classname="keyWordFramework.Login_Test" name="InvalidLoginTest2" time="0.0">
    <ignored/>
  </testcase> <!-- InvalidLoginTest2 -->
  <testcase classname="locator.BasicXpathForQAELearn" name="basicXpath6" time="0.0">
    <ignored/>
  </testcase> <!-- basicXpath6 -->
  <testcase classname="locator.BasicXpathForQAELearn" name="basicXpath" time="0.0">
    <ignored/>
  </testcase> <!-- basicXpath -->
  <testcase classname="locator.BasicXpathForQAELearn" name="basicXpath3" time="0.0">
    <ignored/>
  </testcase> <!-- basicXpath3 -->
  <testcase classname="locator.BasicXpathForQAELearn" name="basicXpath4" time="0.0">
    <ignored/>
  </testcase> <!-- basicXpath4 -->
  <testcase classname="locator.BasicXpathForQAELearn" name="basicXpath1" time="0.0">
    <ignored/>
  </testcase> <!-- basicXpath1 -->
  <testcase classname="locator.BasicXpathForQAELearn" name="basicXpath2" time="0.0">
    <ignored/>
  </testcase> <!-- basicXpath2 -->
  <testcase classname="pf_WithPOM.Pf_LoginTestQAE" name="validLoginTest" time="0.0">
    <ignored/>
  </testcase> <!-- validLoginTest -->
  <testcase classname="pageObjectModel.LoginTest" name="GetTextTest" time="0.0">
    <ignored/>
  </testcase> <!-- GetTextTest -->
  <testcase classname="locator.XpathLoopAndDynamicXpathForQaeLearn" name="xpathdynamic2" time="0.0">
    <ignored/>
  </testcase> <!-- xpathdynamic2 -->
  <testcase classname="locator.XpathLoopAndDynamicXpathForQaeLearn" name="xpathLoop3" time="0.0">
    <ignored/>
  </testcase> <!-- xpathLoop3 -->
  <testcase classname="pageObjectModel.LoginTest" name="LinkTest" time="0.0">
    <ignored/>
  </testcase> <!-- LinkTest -->
  <testcase classname="syncronization.ExplicitWaitTest" name="InValidLoginTest" time="0.0">
    <ignored/>
  </testcase> <!-- InValidLoginTest -->
  <testcase classname="locator.XpathLoopAndDynamicXpathForQaeLearn" name="xpathdynamic4" time="0.0">
    <ignored/>
  </testcase> <!-- xpathdynamic4 -->
  <testcase classname="locator.XpathLoopAndDynamicXpathForQaeLearn" name="xpathLoop2" time="0.0">
    <ignored/>
  </testcase> <!-- xpathLoop2 -->
  <testcase classname="locator.XpathLoopAndDynamicXpathForQaeLearn" name="xpathdynamic5" time="0.0">
    <ignored/>
  </testcase> <!-- xpathdynamic5 -->
  <testcase classname="pageObjectModel.LoginTest" name="InvalidLoginTest" time="0.0">
    <ignored/>
  </testcase> <!-- InvalidLoginTest -->
  <testcase classname="syncronization.ExplicitWaitTest" name="ValidLoginTest" time="0.0">
    <ignored/>
  </testcase> <!-- ValidLoginTest -->
  <testcase classname="syncronization.ExplicitWaitTest" name="logintest1" time="0.0">
    <ignored/>
  </testcase> <!-- logintest1 -->
  <testcase classname="pageObjectModel.LoginTest" name="validLoginTest" time="0.0">
    <ignored/>
  </testcase> <!-- validLoginTest -->
  <testcase classname="pf_WithPOM.Pf_LoginTestQAE" name="InvalidLoginTest" time="0.0">
    <ignored/>
  </testcase> <!-- InvalidLoginTest -->
  <testcase classname="locator.XpathLoopAndDynamicXpathForQaeLearn" name="basicXpath1" time="0.0">
    <ignored/>
  </testcase> <!-- basicXpath1 -->
</testsuite> <!-- Smoke Test -->
