<?xml version="1.0" encoding="UTF-8"?>
<testng-results ignored="0" total="2" passed="2" failed="0" skipped="0">
  <reporter-output>
  </reporter-output>
  <suite started-at="2024-09-10T13:17:35 BDT" name="Default suite" finished-at="2024-09-10T13:19:55 BDT" duration-ms="139472">
    <groups>
    </groups>
    <test started-at="2024-09-10T13:17:35 BDT" name="Default test" finished-at="2024-09-10T13:19:55 BDT" duration-ms="139472">
      <class name="pf_WithPOM.Pf_LoginTestQAE">
        <test-method is-config="true" signature="openQaeAPP()[pri:0, instance:pf_WithPOM.Pf_LoginTestQAE@223d2c72]" started-at="2024-09-10T13:17:35 BDT" name="openQaeAPP" finished-at="2024-09-10T13:18:08 BDT" duration-ms="32162" status="PASS">
          <reporter-output>
          </reporter-output>
        </test-method> <!-- openQaeAPP -->
        <test-method signature="InvalidLoginTest()[pri:0, instance:pf_WithPOM.Pf_LoginTestQAE@223d2c72]" started-at="2024-09-10T13:18:08 BDT" name="InvalidLoginTest" finished-at="2024-09-10T13:18:10 BDT" duration-ms="2282" status="PASS">
          <reporter-output>
          </reporter-output>
        </test-method> <!-- InvalidLoginTest -->
        <test-method is-config="true" signature="closeQaeApp()[pri:0, instance:pf_WithPOM.Pf_LoginTestQAE@223d2c72]" started-at="2024-09-10T13:18:10 BDT" name="closeQaeApp" finished-at="2024-09-10T13:18:10 BDT" duration-ms="250" status="PASS">
          <reporter-output>
          </reporter-output>
        </test-method> <!-- closeQaeApp -->
        <test-method is-config="true" signature="openQaeAPP()[pri:0, instance:pf_WithPOM.Pf_LoginTestQAE@223d2c72]" started-at="2024-09-10T13:18:10 BDT" name="openQaeAPP" finished-at="2024-09-10T13:19:53 BDT" duration-ms="102684" status="PASS">
          <reporter-output>
          </reporter-output>
        </test-method> <!-- openQaeAPP -->
        <test-method signature="validLoginTest()[pri:0, instance:pf_WithPOM.Pf_LoginTestQAE@223d2c72]" started-at="2024-09-10T13:19:53 BDT" name="validLoginTest" finished-at="2024-09-10T13:19:55 BDT" duration-ms="1773" status="PASS">
          <reporter-output>
          </reporter-output>
        </test-method> <!-- validLoginTest -->
        <test-method is-config="true" signature="closeQaeApp()[pri:0, instance:pf_WithPOM.Pf_LoginTestQAE@223d2c72]" started-at="2024-09-10T13:19:55 BDT" name="closeQaeApp" finished-at="2024-09-10T13:19:55 BDT" duration-ms="219" status="PASS">
          <reporter-output>
          </reporter-output>
        </test-method> <!-- closeQaeApp -->
      </class> <!-- pf_WithPOM.Pf_LoginTestQAE -->
    </test> <!-- Default test -->
  </suite> <!-- Default suite -->
</testng-results>
