<?xml version="1.0" encoding="UTF-8"?>
<testng-results ignored="0" total="4" passed="4" failed="0" skipped="0">
  <reporter-output>
  </reporter-output>
  <suite started-at="2024-09-09T15:17:46 BDT" name="Default suite" finished-at="2024-09-09T15:19:51 BDT" duration-ms="124486">
    <groups>
    </groups>
    <test started-at="2024-09-09T15:17:46 BDT" name="Default test" finished-at="2024-09-09T15:19:51 BDT" duration-ms="124486">
      <class name="pageObjectModel.LoginTest">
        <test-method is-config="true" signature="openQAE()[pri:0, instance:pageObjectModel.LoginTest@436813f3]" started-at="2024-09-09T15:17:46 BDT" name="openQAE" finished-at="2024-09-09T15:18:13 BDT" duration-ms="26637" status="PASS">
          <reporter-output>
          </reporter-output>
        </test-method> <!-- openQAE -->
        <test-method signature="GetTextTest()[pri:0, instance:pageObjectModel.LoginTest@436813f3]" started-at="2024-09-09T15:18:13 BDT" name="GetTextTest" finished-at="2024-09-09T15:18:13 BDT" duration-ms="60" status="PASS">
          <reporter-output>
          </reporter-output>
        </test-method> <!-- GetTextTest -->
        <test-method is-config="true" signature="closeQAE()[pri:0, instance:pageObjectModel.LoginTest@436813f3]" started-at="2024-09-09T15:18:13 BDT" name="closeQAE" finished-at="2024-09-09T15:18:13 BDT" duration-ms="262" status="PASS">
          <reporter-output>
          </reporter-output>
        </test-method> <!-- closeQAE -->
        <test-method is-config="true" signature="openQAE()[pri:0, instance:pageObjectModel.LoginTest@436813f3]" started-at="2024-09-09T15:18:13 BDT" name="openQAE" finished-at="2024-09-09T15:18:50 BDT" duration-ms="36678" status="PASS">
          <reporter-output>
          </reporter-output>
        </test-method> <!-- openQAE -->
        <test-method signature="InvalidLoginTest()[pri:0, instance:pageObjectModel.LoginTest@436813f3]" started-at="2024-09-09T15:18:50 BDT" name="InvalidLoginTest" finished-at="2024-09-09T15:18:51 BDT" duration-ms="588" status="PASS">
          <reporter-output>
          </reporter-output>
        </test-method> <!-- InvalidLoginTest -->
        <test-method is-config="true" signature="closeQAE()[pri:0, instance:pageObjectModel.LoginTest@436813f3]" started-at="2024-09-09T15:18:51 BDT" name="closeQAE" finished-at="2024-09-09T15:18:51 BDT" duration-ms="345" status="PASS">
          <reporter-output>
          </reporter-output>
        </test-method> <!-- closeQAE -->
        <test-method is-config="true" signature="openQAE()[pri:0, instance:pageObjectModel.LoginTest@436813f3]" started-at="2024-09-09T15:18:51 BDT" name="openQAE" finished-at="2024-09-09T15:19:23 BDT" duration-ms="31750" status="PASS">
          <reporter-output>
          </reporter-output>
        </test-method> <!-- openQAE -->
        <test-method signature="LinkTest()[pri:0, instance:pageObjectModel.LoginTest@436813f3]" started-at="2024-09-09T15:19:23 BDT" name="LinkTest" finished-at="2024-09-09T15:19:23 BDT" duration-ms="119" status="PASS">
          <reporter-output>
          </reporter-output>
        </test-method> <!-- LinkTest -->
        <test-method is-config="true" signature="closeQAE()[pri:0, instance:pageObjectModel.LoginTest@436813f3]" started-at="2024-09-09T15:19:23 BDT" name="closeQAE" finished-at="2024-09-09T15:19:23 BDT" duration-ms="216" status="PASS">
          <reporter-output>
          </reporter-output>
        </test-method> <!-- closeQAE -->
        <test-method is-config="true" signature="openQAE()[pri:0, instance:pageObjectModel.LoginTest@436813f3]" started-at="2024-09-09T15:19:23 BDT" name="openQAE" finished-at="2024-09-09T15:19:50 BDT" duration-ms="27063" status="PASS">
          <reporter-output>
          </reporter-output>
        </test-method> <!-- openQAE -->
        <test-method signature="validLoginTest()[pri:0, instance:pageObjectModel.LoginTest@436813f3]" started-at="2024-09-09T15:19:50 BDT" name="validLoginTest" finished-at="2024-09-09T15:19:51 BDT" duration-ms="494" status="PASS">
          <reporter-output>
          </reporter-output>
        </test-method> <!-- validLoginTest -->
        <test-method is-config="true" signature="closeQAE()[pri:0, instance:pageObjectModel.LoginTest@436813f3]" started-at="2024-09-09T15:19:51 BDT" name="closeQAE" finished-at="2024-09-09T15:19:51 BDT" duration-ms="168" status="PASS">
          <reporter-output>
          </reporter-output>
        </test-method> <!-- closeQAE -->
      </class> <!-- pageObjectModel.LoginTest -->
    </test> <!-- Default test -->
  </suite> <!-- Default suite -->
</testng-results>
